0 info it worked if it ends with ok
1 verbose cli [ '/home/worms/.nvm/versions/node/v6.7.0/bin/node',
1 verbose cli   '/home/worms/.nvm/versions/node/v6.7.0/bin/npm',
1 verbose cli   'publish' ]
2 info using npm@3.10.3
3 info using node@v6.7.0
4 verbose publish [ '.' ]
5 silly cache add args [ '.', null ]
6 verbose cache add spec .
7 silly cache add parsed spec Result {
7 silly cache add   raw: '.',
7 silly cache add   scope: null,
7 silly cache add   escapedName: null,
7 silly cache add   name: null,
7 silly cache add   rawSpec: '.',
7 silly cache add   spec: '/home/worms/Documents/isOnBrowser',
7 silly cache add   type: 'directory' }
8 verbose addLocalDirectory /home/worms/.npm/isbrowser/1.0.0/package.tgz not in flight; packing
9 verbose correctMkdir /home/worms/.npm correctMkdir not in flight; initializing
10 info lifecycle isbrowser@1.0.0~prepublish: isbrowser@1.0.0
11 silly lifecycle isbrowser@1.0.0~prepublish: no script for prepublish, continuing
12 verbose tar pack [ '/home/worms/.npm/isbrowser/1.0.0/package.tgz',
12 verbose tar pack   '/home/worms/Documents/isOnBrowser' ]
13 verbose tarball /home/worms/.npm/isbrowser/1.0.0/package.tgz
14 verbose folder /home/worms/Documents/isOnBrowser
15 verbose addLocalTarball adding from inside cache /home/worms/.npm/isbrowser/1.0.0/package.tgz
16 verbose correctMkdir /home/worms/.npm correctMkdir not in flight; initializing
17 silly cache afterAdd isbrowser@1.0.0
18 verbose afterAdd /home/worms/.npm/isbrowser/1.0.0/package/package.json not in flight; writing
19 verbose correctMkdir /home/worms/.npm correctMkdir not in flight; initializing
20 verbose afterAdd /home/worms/.npm/isbrowser/1.0.0/package/package.json written
21 silly publish { name: 'isbrowser',
21 silly publish   version: '1.0.0',
21 silly publish   description: 'A function do determine whether your script is running on node or browser environment.',
21 silly publish   main: 'index.js',
21 silly publish   scripts: { test: 'jasmine' },
21 silly publish   author: { name: 'Marco Guaspari Worms' },
21 silly publish   license: 'ISC',
21 silly publish   devDependencies: { jasmine: '^2.5.2' },
21 silly publish   readme: '`npm install is-browser --save`\n\n```javascript\nconst isBrowser = require(\'isbrowser\')\n\nif (isBrowser()) {\n  console.log(\'you are running this in a browser!\')\n} else {\n  console.log(\'you are running this in node!\')\n}\n```\n',
21 silly publish   readmeFilename: 'README.md',
21 silly publish   gitHead: 'ef5832159d8fb55f851d77d717b5546e6e9210d3',
21 silly publish   _id: 'isbrowser@1.0.0',
21 silly publish   _shasum: '7166996c67ddbd0185278df75f7f2ce21ff05f53',
21 silly publish   _from: '.' }
22 verbose getPublishConfig undefined
23 silly mapToRegistry name isbrowser
24 silly mapToRegistry using default registry
25 silly mapToRegistry registry https://registry.npmjs.org/
26 silly mapToRegistry data Result {
26 silly mapToRegistry   raw: 'isbrowser',
26 silly mapToRegistry   scope: null,
26 silly mapToRegistry   escapedName: 'isbrowser',
26 silly mapToRegistry   name: 'isbrowser',
26 silly mapToRegistry   rawSpec: '',
26 silly mapToRegistry   spec: 'latest',
26 silly mapToRegistry   type: 'tag' }
27 silly mapToRegistry uri https://registry.npmjs.org/isbrowser
28 verbose publish registryBase https://registry.npmjs.org/
29 silly publish uploading /home/worms/.npm/isbrowser/1.0.0/package.tgz
30 verbose request uri https://registry.npmjs.org/isbrowser
31 verbose request sending authorization for write operation
32 info attempt registry request try #1 at 6:39:21 PM
33 verbose request using bearer token for auth
34 verbose request id 938aa0676b558050
35 http request PUT https://registry.npmjs.org/isbrowser
36 http 403 https://registry.npmjs.org/isbrowser
37 verbose headers { 'content-type': 'application/json',
37 verbose headers   'cache-control': 'max-age=300',
37 verbose headers   'content-length': '103',
37 verbose headers   'accept-ranges': 'bytes',
37 verbose headers   date: 'Tue, 11 Oct 2016 21:39:22 GMT',
37 verbose headers   via: '1.1 varnish',
37 verbose headers   connection: 'keep-alive',
37 verbose headers   'x-served-by': 'cache-gru7121-GRU',
37 verbose headers   'x-cache': 'MISS',
37 verbose headers   'x-cache-hits': '0',
37 verbose headers   'x-timer': 'S1476221961.927881,VS0,VE779',
37 verbose headers   vary: 'Accept-Encoding' }
38 verbose request invalidating /home/worms/.npm/registry.npmjs.org/isbrowser on PUT
39 error publish Failed PUT 403
40 verbose stack Error: you do not have permission to publish "isbrowser". Are you logged in as the correct user? : isbrowser
40 verbose stack     at makeError (/home/worms/.nvm/versions/node/v6.7.0/lib/node_modules/npm/node_modules/npm-registry-client/lib/request.js:264:12)
40 verbose stack     at CachingRegistryClient.<anonymous> (/home/worms/.nvm/versions/node/v6.7.0/lib/node_modules/npm/node_modules/npm-registry-client/lib/request.js:252:14)
40 verbose stack     at Request._callback (/home/worms/.nvm/versions/node/v6.7.0/lib/node_modules/npm/node_modules/npm-registry-client/lib/request.js:172:14)
40 verbose stack     at Request.self.callback (/home/worms/.nvm/versions/node/v6.7.0/lib/node_modules/npm/node_modules/request/request.js:200:22)
40 verbose stack     at emitTwo (events.js:106:13)
40 verbose stack     at Request.emit (events.js:191:7)
40 verbose stack     at Request.<anonymous> (/home/worms/.nvm/versions/node/v6.7.0/lib/node_modules/npm/node_modules/request/request.js:1067:10)
40 verbose stack     at emitOne (events.js:101:20)
40 verbose stack     at Request.emit (events.js:188:7)
40 verbose stack     at IncomingMessage.<anonymous> (/home/worms/.nvm/versions/node/v6.7.0/lib/node_modules/npm/node_modules/request/request.js:988:12)
41 verbose statusCode 403
42 verbose pkgid isbrowser
43 verbose cwd /home/worms/Documents/isOnBrowser
44 error Linux 4.7.6-1-ARCH
45 error argv "/home/worms/.nvm/versions/node/v6.7.0/bin/node" "/home/worms/.nvm/versions/node/v6.7.0/bin/npm" "publish"
46 error node v6.7.0
47 error npm  v3.10.3
48 error code E403
49 error you do not have permission to publish "isbrowser". Are you logged in as the correct user? : isbrowser
50 error If you need help, you may report this error at:
50 error     <https://github.com/npm/npm/issues>
51 verbose exit [ 1, true ]
